
> villaku-booking-frontend@0.1.0 predev
> node scripts/ensure-prisma-client.mjs

Prisma Client already generated; skipping prisma generate.

> villaku-booking-frontend@0.1.0 dev
> cross-env WRANGLER_LOG_PATH=.wrangler/wrangler.log vinext dev


  vinext dev  (Vite 8.0.13)

[2m5:50:26 PM[22m [36m[1m[vite][22m[39m [34m[2m(ssr)[22m[39m Re-optimizing dependencies because vite config has changed
[2m5:50:26 PM[22m [36m[1m[vite][22m[39m [34m[2m(rsc)[22m[39m Re-optimizing dependencies because vite config has changed
[2m5:50:26 PM[22m [36m[1m[vite][22m[39m [90m[2m(client)[22m[39m Re-optimizing dependencies because vite config has changed
[2m5:50:28 PM[22m [36m[1m[vite][22m[39m [90m[2m(client)[22m[39m [optimizer] scanning dependencies...
[2m5:50:28 PM[22m [36m[1m[vite][22m[39m [34m[2m(ssr)[22m[39m [optimizer] bundling dependencies...
  [32m➜[39m  [1mLocal[22m:   [36mhttp://localhost:[1m3000[22m/[39m
[2m5:50:31 PM[22m [36m[1m[vite][22m[39m [90m[2m(client)[22m[39m [optimizer] bundling dependencies...
[2m5:50:32 PM[22m [36m[1m[vite][22m[39m [34m[2m(rsc)[22m[39m connected.
 GET /api/auth/session 401 in 1.0s
 GET /api/auth/session 401 in 6ms
 GET /api/auth/session 401 in 9ms
 GET /api/auth/session 401 in 9ms
 GET /api/auth/session 401 in 8ms
 GET /api/auth/session 401 in 5ms
 GET /api/auth/session 401 in 7ms
 GET /api/auth/session 401 in 5ms
 GET /api/auth/session 401 in 6ms
 GET /api/auth/session 401 in 5ms
 GET /api/auth/session 401 in 5ms
 GET /api/auth/session 401 in 4ms
 GET /api/auth/session 401 in 3ms
 GET /api/auth/session 401 in 4ms
 GET /api/auth/session 401 in 4ms
 GET /api/auth/session 401 in 3ms
 GET /api/auth/session 401 in 5ms
 GET /api/auth/session 401 in 3ms
 GET /api/auth/session 401 in 5ms
 GET /api/auth/session 401 in 4ms
 GET /api/auth/session 401 in 4ms
 GET /api/auth/session 401 in 3ms
 GET /api/auth/session 401 in 4ms
 GET /api/auth/session 401 in 4ms
 GET /api/auth/session 401 in 4ms
 GET /api/auth/session 401 in 3ms
 GET /api/auth/session 401 in 5ms
 GET /api/auth/session 401 in 4ms
 GET /api/auth/session 401 in 4ms
 GET /api/auth/session 401 in 3ms
 GET /api/auth/session 401 in 4ms
 GET /api/auth/session 401 in 4ms
 GET /api/auth/session 401 in 3ms
 GET /api/auth/session 401 in 3ms
 GET /api/auth/session 401 in 5ms
 GET /api/auth/session 401 in 3ms
 GET /api/auth/session 401 in 5ms
[2m5:53:18 PM[22m [36m[1m[vite][22m[39m [34m[2m(rsc)[22m[39m [32mhmr update [39m[2m/app/globals.css[22m
[2m5:53:18 PM[22m [36m[1m[vite][22m[39m [34m[2m(rsc)[22m[39m [32mhmr update [39m[2m/app/globals.css[22m
[2m5:53:18 PM[22m [36m[1m[vite][22m[39m [32m.env.local changed, restarting server...[39m
[2m5:53:18 PM[22m [36m[1m[vite][22m[39m [34m[2m(rsc)[22m[39m [32mhmr update [39m[2m/app/globals.css[22m
[2m5:53:18 PM[22m [36m[1m[vite][22m[39m [34m[2m(rsc)[22m[39m [32mhmr update [39m[2m/app/globals.css[22m
[2m5:53:19 PM[22m [36m[1m[vite][22m[39m server restarted.
