(node:18204) ExperimentalWarning: glob is an experimental feature and might change at any time
(Use `node --trace-warnings ...` to show where the warning was created)
[2m6:48:49 PM[22m [31m[1m[vite][22m[39m [31m[2m(client)[22m[39m [2m[console.error] [22mError: useAppNotifications must be used inside NotificationRoot
    at useAppNotifications (http://localhost:3011/components/notification-root.tsx:87:9)
    at Home (http://localhost:3011/app/page.tsx?t=1783939727629:230:21)
    at Object.react_stack_bottom_frame (http://localhost:3011/node_modules/.vite/deps/react-dom_client.js?v=39dcdcf2:12868:12)
    at renderWithHooks (http://localhost:3011/node_modules/.vite/deps/react-dom_client.js?v=39dcdcf2:4213:19)
    at updateFunctionComponent (http://localhost:3011/node_modules/.vite/deps/react-dom_client.js?v=39dcdcf2:5569:16)
    at beginWork (http://localhost:3011/node_modules/.vite/deps/react-dom_client.js?v=39dcdcf2:6140:20)
    at runWithFiberInDEV (http://localhost:3011/node_modules/.vite/deps/react-dom_client.js?v=39dcdcf2:851:66)
    at performUnitOfWork (http://localhost:3011/node_modules/.vite/deps/react-dom_client.js?v=39dcdcf2:8429:92)
    at workLoopSync (http://localhost:3011/node_modules/.vite/deps/react-dom_client.js?v=39dcdcf2:8325:37)
    at renderRootSync (http://localhost:3011/node_modules/.vite/deps/react-dom_client.js?v=39dcdcf2:8309:6)
[2m6:48:49 PM[22m [31m[1m[vite][22m[39m [31m[2m(client)[22m[39m [2m[console.error] [22mThe above error occurred in a React component:

    at Home (http://localhost:3011/app/page.tsx?t=1783939727629:227:18)
    at AwaitAppRenderDependencies [Server] (<anonymous>)
    at Slot (http://localhost:3011/node_modules/vinext/dist/shims/slot.js?v=39dcdcf2:42:17)
    at LayoutSegmentProvider (http://localhost:3011/node_modules/vinext/dist/shims/layout-segment-context.js?v=39dcdcf2:32:34)
    at RedirectErrorBoundary (http://localhost:3011/node_modules/vinext/dist/shims/error-boundary.js?v=39dcdcf2:56:3)
    at RedirectBoundary (http://localhost:3011/node_modules/vinext/dist/shims/error-boundary.js?v=39dcdcf2:86:29)
    at Children (http://localhost:3011/node_modules/vinext/dist/shims/slot.js?v=39dcdcf2:64:17)
    at body (<anonymous>)
    at html (<anonymous>)
    at RootLayout [Server] (<anonymous>)
    at default [Server] (<anonymous>)
    at default [Server] (<anonymous>)
    at Slot (http://localhost:3011/node_modules/vinext/dist/shims/slot.js?v=39dcdcf2:42:17)
    at LayoutSegmentProvider (http://localhost:3011/node_modules/vinext/dist/shims/layout-segment-context.js?v=39dcdcf2:32:34)
    at Slot (http://localhost:3011/node_modules/vinext/dist/shims/slot.js?v=39dcdcf2:42:17)
    at NavigationCommitSignal (http://localhost:3011/node_modules/vinext/dist/server/app-browser-navigation-controller.js?v=39dcdcf2:184:36)
    at RedirectErrorBoundary (http://localhost:3011/node_modules/vinext/dist/shims/error-boundary.js?v=39dcdcf2:56:3)
    at RedirectBoundary (http://localhost:3011/node_modules/vinext/dist/shims/error-boundary.js?v=39dcdcf2:86:29)
    at DevRecoveryBoundary (http://localhost:3011/node_modules/vinext/dist/shims/error-boundary.js?v=39dcdcf2:268:3)
    at BrowserRoot (http://localhost:3011/node_modules/vinext/dist/server/app-browser-entry.js?v=39dcdcf2:209:24)
